<?xml version="1.0" encoding="UTF-8"?>
<testsuite name="LibraryTest" tests="1" skipped="0" failures="0" errors="0" timestamp="2021-09-30T12:49:58" hostname="audiiny23843034" time="0.019">
  <properties/>
  <testcase name="giveBookBackTest()" classname="LibraryTest" time="0.019"/>
  <system-out><![CDATA[]]></system-out>
  <system-err><![CDATA[]]></system-err>
</testsuite>
