<?xml version="1.0" encoding="UTF-8"?>
<testsuite name="MemberTest" tests="1" skipped="0" failures="0" errors="0" timestamp="2021-09-29T12:00:33" hostname="audiiny23843034" time="0.027">
  <properties/>
  <testcase name="testgetBooks()" classname="MemberTest" time="0.027"/>
  <system-out><![CDATA[]]></system-out>
  <system-err><![CDATA[]]></system-err>
</testsuite>
