<?xml version="1.0" encoding="UTF-8"?>
<testsuite name="BookTest" tests="1" skipped="0" failures="0" errors="0" timestamp="2021-09-29T13:34:15" hostname="audiiny23843034" time="0.024">
  <properties/>
  <testcase name="testBookGetStatus()" classname="BookTest" time="0.024"/>
  <system-out><![CDATA[]]></system-out>
  <system-err><![CDATA[]]></system-err>
</testsuite>
